<?xml version="1.0" encoding="UTF-8"?>
<!-- Generated by org.testng.reporters.JUnitReportReporter -->
<testsuite hostname="Daniel-PC" name="br.com.unisul.test.TestFormularioDeCadastro" tests="1" failures="0" timestamp="25 May 2016 03:19:51 GMT" time="1.629" errors="0">
  <testcase name="cadastrarUmUsuarioComSucesso" time="1.629" classname="br.com.unisul.test.TestFormularioDeCadastro"/>
</testsuite> <!-- br.com.unisul.test.TestFormularioDeCadastro -->
